# JRE version: Java(TM) SE Runtime Environment (13.0+33) (build 13-ea+33)
# Java VM: Java HotSpot(TM) 64-Bit Server VM (13-ea+33, mixed mode, sharing, tiered, compressed oops, g1 gc, bsd-amd64)
Heap:
 garbage-first heap   total 114688K, used 32458K [0x0000000780000000, 0x0000000800000000)
  region size 1024K, 4 young (4096K), 2 survivors (2048K)
 Metaspace       used 11368K, capacity 11699K, committed 12160K, reserved 1060864K
  class space    used 1182K, capacity 1324K, committed 1408K, reserved 1048576K
GC Heap History (14 events):
Event: 438.993 GC heap before
{Heap before GC invocations=0 (full 0):
 garbage-first heap   total 133120K, used 62204K [0x0000000780000000, 0x0000000800000000)
  region size 1024K, 16 young (16384K), 0 survivors (0K)
 Metaspace       used 10567K, capacity 10918K, committed 11136K, reserved 1058816K
  class space    used 1133K, capacity 1282K, committed 1408K, reserved 1048576K
}
Event: 439.032 GC heap after
{Heap after GC invocations=1 (full 0):
 garbage-first heap   total 133120K, used 53725K [0x0000000780000000, 0x0000000800000000)
  region size 1024K, 3 young (3072K), 3 survivors (3072K)
 Metaspace       used 10567K, capacity 10918K, committed 11136K, reserved 1058816K
  class space    used 1133K, capacity 1282K, committed 1408K, reserved 1048576K
}
Event: 868.690 GC heap before
{Heap before GC invocations=2 (full 0):
 garbage-first heap   total 133120K, used 47581K [0x0000000780000000, 0x0000000800000000)
  region size 1024K, 9 young (9216K), 3 survivors (3072K)
 Metaspace       used 11219K, capacity 11566K, committed 11904K, reserved 1060864K
  class space    used 1189K, capacity 1348K, committed 1408K, reserved 1048576K
}
Event: 868.705 GC heap after
{Heap after GC invocations=3 (full 0):
 garbage-first heap   total 133120K, used 42110K [0x0000000780000000, 0x0000000800000000)
  region size 1024K, 1 young (1024K), 1 survivors (1024K)
 Metaspace       used 11219K, capacity 11566K, committed 11904K, reserved 1060864K
  class space    used 1189K, capacity 1348K, committed 1408K, reserved 1048576K
}
Event: 1761.360 GC heap before
{Heap before GC invocations=3 (full 0):
 garbage-first heap   total 133120K, used 74878K [0x0000000780000000, 0x0000000800000000)
  region size 1024K, 21 young (21504K), 1 survivors (1024K)
 Metaspace       used 11371K, capacity 11694K, committed 11904K, reserved 1060864K
  class space    used 1190K, capacity 1348K, committed 1408K, reserved 1048576K
}
Event: 1761.366 GC heap after
{Heap after GC invocations=4 (full 0):
 garbage-first heap   total 133120K, used 27507K [0x0000000780000000, 0x0000000800000000)
  region size 1024K, 2 young (2048K), 2 survivors (2048K)
 Metaspace       used 11371K, capacity 11694K, committed 11904K, reserved 1060864K
  class space    used 1190K, capacity 1348K, committed 1408K, reserved 1048576K
}
Event: 1768.467 GC heap before
{Heap before GC invocations=5 (full 0):
 garbage-first heap   total 112640K, used 50035K [0x0000000780000000, 0x0000000800000000)
  region size 1024K, 5 young (5120K), 2 survivors (2048K)
 Metaspace       used 11381K, capacity 11694K, committed 11904K, reserved 1060864K
  class space    used 1190K, capacity 1348K, committed 1408K, reserved 1048576K
}
Event: 1768.470 GC heap after
{Heap after GC invocations=6 (full 0):
 garbage-first heap   total 112640K, used 49144K [0x0000000780000000, 0x0000000800000000)
  region size 1024K, 2 young (2048K), 2 survivors (2048K)
 Metaspace       used 11381K, capacity 11694K, committed 11904K, reserved 1060864K
  class space    used 1190K, capacity 1348K, committed 1408K, reserved 1048576K
}
Event: 2155.063 GC heap before
{Heap before GC invocations=7 (full 0):
 garbage-first heap   total 112640K, used 58360K [0x0000000780000000, 0x0000000800000000)
  region size 1024K, 5 young (5120K), 2 survivors (2048K)
 Metaspace       used 11394K, capacity 11694K, committed 11904K, reserved 1060864K
  class space    used 1192K, capacity 1348K, committed 1408K, reserved 1048576K
}
Event: 2155.065 GC heap after
{Heap after GC invocations=8 (full 0):
 garbage-first heap   total 112640K, used 57348K [0x0000000780000000, 0x0000000800000000)
  region size 1024K, 3 young (3072K), 3 survivors (3072K)
 Metaspace       used 11394K, capacity 11694K, committed 11904K, reserved 1060864K
  class space    used 1192K, capacity 1348K, committed 1408K, reserved 1048576K
}
Event: 2155.098 GC heap before
{Heap before GC invocations=9 (full 0):
 garbage-first heap   total 112640K, used 65540K [0x0000000780000000, 0x0000000800000000)
  region size 1024K, 5 young (5120K), 3 survivors (3072K)
 Metaspace       used 11360K, capacity 11635K, committed 11904K, reserved 1060864K
  class space    used 1180K, capacity 1324K, committed 1408K, reserved 1048576K
}
Event: 2155.100 GC heap after
{Heap after GC invocations=10 (full 0):
 garbage-first heap   total 112640K, used 56158K [0x0000000780000000, 0x0000000800000000)
  region size 1024K, 2 young (2048K), 2 survivors (2048K)
 Metaspace       used 11360K, capacity 11635K, committed 11904K, reserved 1060864K
  class space    used 1180K, capacity 1324K, committed 1408K, reserved 1048576K
}
Event: 2155.112 GC heap before
{Heap before GC invocations=11 (full 0):
 garbage-first heap   total 114688K, used 64350K [0x0000000780000000, 0x0000000800000000)
  region size 1024K, 3 young (3072K), 2 survivors (2048K)
 Metaspace       used 11362K, capacity 11699K, committed 12160K, reserved 1060864K
  class space    used 1180K, capacity 1324K, committed 1408K, reserved 1048576K
}
Event: 2155.113 GC heap after
{Heap after GC invocations=12 (full 0):
 garbage-first heap   total 114688K, used 56010K [0x0000000780000000, 0x0000000800000000)
  region size 1024K, 2 young (2048K), 2 survivors (2048K)
 Metaspace       used 11362K, capacity 11699K, committed 12160K, reserved 1060864K
  class space    used 1180K, capacity 1324K, committed 1408K, reserved 1048576K
}

